Determining if the pthread_create exist failed with the following output:
Change Dir: /home/HAVIL/KeyframeSelection/cmake-build-debug/CMakeFiles/CMakeTmp

Run Build Command:"/usr/bin/make" "cmTC_53a35/fast"
/usr/bin/make -f CMakeFiles/cmTC_53a35.dir/build.make CMakeFiles/cmTC_53a35.dir/build
make[1]: 正在进入目录 `/home/HAVIL/KeyframeSelection/cmake-build-debug/CMakeFiles/CMakeTmp'
Building C object CMakeFiles/cmTC_53a35.dir/CheckSymbolExists.c.o
/usr/bin/cc    -fPIC    -o CMakeFiles/cmTC_53a35.dir/CheckSymbolExists.c.o   -c /home/HAVIL/KeyframeSelection/cmake-build-debug/CMakeFiles/CMakeTmp/CheckSymbolExists.c
Linking C executable cmTC_53a35
/home/download/clion-2017.1.1/bin/cmake/bin/cmake -E cmake_link_script CMakeFiles/cmTC_53a35.dir/link.txt --verbose=1
/usr/bin/cc  -fPIC     CMakeFiles/cmTC_53a35.dir/CheckSymbolExists.c.o  -o cmTC_53a35 -rdynamic 
CMakeFiles/cmTC_53a35.dir/CheckSymbolExists.c.o：在函数‘main’中：
CheckSymbolExists.c:(.text+0x1b)：对‘pthread_create’未定义的引用
collect2: error: ld returned 1 exit status
make[1]: *** [cmTC_53a35] 错误 1
make[1]:正在离开目录 `/home/HAVIL/KeyframeSelection/cmake-build-debug/CMakeFiles/CMakeTmp'
make: *** [cmTC_53a35/fast] 错误 2

File /home/HAVIL/KeyframeSelection/cmake-build-debug/CMakeFiles/CMakeTmp/CheckSymbolExists.c:
/* */
#include <pthread.h>

int main(int argc, char** argv)
{
  (void)argv;
#ifndef pthread_create
  return ((int*)(&pthread_create))[argc];
#else
  (void)argc;
  return 0;
#endif
}

Determining if the function pthread_create exists in the pthreads failed with the following output:
Change Dir: /home/HAVIL/KeyframeSelection/cmake-build-debug/CMakeFiles/CMakeTmp

Run Build Command:"/usr/bin/make" "cmTC_afd2f/fast"
/usr/bin/make -f CMakeFiles/cmTC_afd2f.dir/build.make CMakeFiles/cmTC_afd2f.dir/build
make[1]: 正在进入目录 `/home/HAVIL/KeyframeSelection/cmake-build-debug/CMakeFiles/CMakeTmp'
Building C object CMakeFiles/cmTC_afd2f.dir/CheckFunctionExists.c.o
/usr/bin/cc    -fPIC -DCHECK_FUNCTION_EXISTS=pthread_create   -o CMakeFiles/cmTC_afd2f.dir/CheckFunctionExists.c.o   -c /home/download/clion-2017.1.1/bin/cmake/share/cmake-3.7/Modules/CheckFunctionExists.c
Linking C executable cmTC_afd2f
/home/download/clion-2017.1.1/bin/cmake/bin/cmake -E cmake_link_script CMakeFiles/cmTC_afd2f.dir/link.txt --verbose=1
/usr/bin/cc  -fPIC -DCHECK_FUNCTION_EXISTS=pthread_create    CMakeFiles/cmTC_afd2f.dir/CheckFunctionExists.c.o  -o cmTC_afd2f -rdynamic -lpthreads 
/usr/bin/ld: 找不到 -lpthreads
collect2: error: ld returned 1 exit status
make[1]: *** [cmTC_afd2f] 错误 1
make[1]:正在离开目录 `/home/HAVIL/KeyframeSelection/cmake-build-debug/CMakeFiles/CMakeTmp'
make: *** [cmTC_afd2f/fast] 错误 2


